2023-02-23 22:46:19 I/main: Starting mirai-console...
2023-02-23 22:46:19 I/main: 

==================================[ Mirai consosle 2.14.0 ]===================================
 __       __ __                   __  ______                                      __
|  \     /  \  \                 |  \/      \                                    |  \
| ▓▓\   /  ▓▓\▓▓ ______   ______  \▓▓  ▓▓▓▓▓▓\ ______  _______   _______  ______ | ▓▓ ______
| ▓▓▓\ /  ▓▓▓  \/      \ |      \|  \ ▓▓   \▓▓/      \|       \ /       \/      \| ▓▓/      \
| ▓▓▓▓\  ▓▓▓▓ ▓▓  ▓▓▓▓▓▓\ \▓▓▓▓▓▓\ ▓▓ ▓▓     |  ▓▓▓▓▓▓\ ▓▓▓▓▓▓▓\  ▓▓▓▓▓▓▓  ▓▓▓▓▓▓\ ▓▓  ▓▓▓▓▓▓\
| ▓▓\▓▓ ▓▓ ▓▓ ▓▓ ▓▓   \▓▓/      ▓▓ ▓▓ ▓▓   __| ▓▓  | ▓▓ ▓▓  | ▓▓\▓▓    \| ▓▓  | ▓▓ ▓▓ ▓▓    ▓▓
| ▓▓ \▓▓▓| ▓▓ ▓▓ ▓▓     |  ▓▓▓▓▓▓▓ ▓▓ ▓▓__/  \ ▓▓__/ ▓▓ ▓▓  | ▓▓_\▓▓▓▓▓▓\ ▓▓__/ ▓▓ ▓▓ ▓▓▓▓▓▓▓▓
| ▓▓  \▓ | ▓▓ ▓▓ ▓▓      \▓▓    ▓▓ ▓▓\▓▓    ▓▓\▓▓    ▓▓ ▓▓  | ▓▓       ▓▓\▓▓    ▓▓ ▓▓\▓▓     \
 \▓▓      \▓▓\▓▓\▓▓       \▓▓▓▓▓▓▓\▓▓ \▓▓▓▓▓▓  \▓▓▓▓▓▓ \▓▓   \▓▓\▓▓▓▓▓▓▓  \▓▓▓▓▓▓ \▓▓ \▓▓▓▓▓▓▓


2023-02-23 22:46:19 I/main: Backend: version 2.14.0, built on 2023-02-06 14:25:21.
2023-02-23 22:46:19 I/main: Frontend Terminal: version 2.14.0, provided by Mamoe Technologies
2023-02-23 22:46:19 I/main: Welcome to visit https://mirai.mamoe.net/
2023-02-23 22:47:43 I/plugin: Successfully loaded plugin mirai-api-http v2.8.0
2023-02-23 22:47:43 I/plugin: Successfully loaded plugin MCL Addon v2.1.1
2023-02-23 22:47:43 I/main: Prepared built-in commands: autoLogin, help, login, logout, permission, status, stop
2023-02-23 22:47:43 W/mirai-api-http: USING INITIAL KEY, please edit the key
2023-02-23 22:47:43 I/Mirai HTTP API: ********************************************************
2023-02-23 22:47:43 I/MahKtorAdapter[http]: Autoreload is disabled because the development mode is off.
2023-02-23 22:47:43 I/MahKtorAdapter[http]: Application started in 0.138 seconds.
2023-02-23 22:47:43 I/MahKtorAdapter[http]: Responding at http://localhost:8080
2023-02-23 22:47:43 I/http adapter: >>> [http adapter] is listening at http://localhost:8080
2023-02-23 22:47:43 I/Mirai HTTP API: Http api server is running with verifyKey: INITKEYU5lCpdQg
2023-02-23 22:47:43 I/Mirai HTTP API: adaptors: [http]
2023-02-23 22:47:43 I/Mirai HTTP API: ********************************************************
2023-02-23 22:47:43 I/MCL Addon: iTXTech MCL Version: 2.1.2-61c8bd8
2023-02-23 22:47:43 W/MCL Addon: iTXTech Soyuz 未安装，Soyuz MCL Handler 特性已禁用
2023-02-23 22:47:44 I/main: 2 plugin(s) enabled.
2023-02-23 22:47:44 I/main: mirai-console started successfully.
