

=============================================================
MIRAI CONSOLE CRASH REPORT.
Console has take too long to shutdown.

TIME: 1677207948910 <2023-02-24T03:05:48.910Z>
SYSTEM: Windows 10 x86 10.0
JRT:
  OpenJDK Runtime Environment  17.0.6
    by Eclipse Adoptium
SPEC:
  Java Platform API Specification 17
    by Oracle Corporation
VM:
  OpenJDK Client VM 17.0.6+10
    by Eclipse Adoptium


PROCESS Working dir: D:\Program Files\MCL
Console Working Dir: D:\Program Files\MCL
Loaded plugins:
|- mirai-api-http v2.8.0
|   `- ID: net.mamoe.mirai-api-http
|   `- AUTHOR: ryoii
|   `- MAIN: class net.mamoe.mirai.api.http.HttpApiPluginBase
|   `- FROM: D:\Program Files\MCL\plugins\mirai-api-http-2.8.0.mirai2.jar
|- MCL Addon v2.1.1
|   `- ID: org.itxtech.mcl.addon
|   `- AUTHOR: PeratX
|   `- MAIN: class org.itxtech.mcl.addon.PluginMain
|   `- FROM: D:\Program Files\MCL\plugins\mcl-addon-2.1.1.jar



PROCESS: 8196@DESKTOP-OI2DEEN
VM OPTIONS:


THREADS:



"main" prio=5 Id=1 on kotlinx.coroutines.BlockingCoroutine@e1c374
	at java.base@17.0.6/jdk.internal.misc.Unsafe.park(Native Method)
	-  waiting on kotlinx.coroutines.BlockingCoroutine@e1c374
	at java.base@17.0.6/java.util.concurrent.locks.LockSupport.parkNanos(Unknown Source)
	at app//kotlinx.coroutines.BlockingCoroutine.joinBlocking(Builders.kt:88)
	at app//kotlinx.coroutines.BuildersKt__BuildersKt.runBlocking(Builders.kt:59)
	at app//kotlinx.coroutines.BuildersKt.runBlocking(Unknown Source)
	at app//kotlinx.coroutines.BuildersKt__BuildersKt.runBlocking$default(Builders.kt:38)
	at app//kotlinx.coroutines.BuildersKt.runBlocking$default(Unknown Source)
	at app//net.mamoe.mirai.console.terminal.MiraiConsoleTerminalLoader.main(MiraiConsoleTerminalLoader.kt:56)
	at java.base@17.0.6/jdk.internal.reflect.NativeMethodAccessorImpl.invoke0(Native Method)
	at java.base@17.0.6/jdk.internal.reflect.NativeMethodAccessorImpl.invoke(Unknown Source)
	at java.base@17.0.6/jdk.internal.reflect.DelegatingMethodAccessorImpl.invoke(Unknown Source)
	at java.base@17.0.6/java.lang.reflect.Method.invoke(Unknown Source)
	at app//org.itxtech.mcl.Utility.bootJars(Utility.java:86)
	at app//org.itxtech.mcl.Utility.bootJars(Utility.java:76)
	at app//org.itxtech.mcl.Utility.bootMirai(Utility.java:98)
	at app//org.itxtech.mcl.module.builtin.Boot.boot(Boot.java:113)
	at app//org.itxtech.mcl.module.ModuleManager.phaseBoot(ModuleManager.java:123)
	at app//org.itxtech.mcl.Loader.lambda$start$4(Loader.java:196)
	at app//org.itxtech.mcl.Loader$$Lambda$276/0x17015fa0.run(Unknown Source)
	at app//org.itxtech.mcl.Loader.tryCatching(Loader.java:151)
	at app//org.itxtech.mcl.Loader.start(Loader.java:196)
	at app//org.itxtech.mcl.Loader.main(Loader.java:84)




"Reference Handler" daemon prio=10 Id=2
	at java.base@17.0.6/java.lang.ref.Reference.waitForReferencePendingList(Native Method)
	at java.base@17.0.6/java.lang.ref.Reference.processPendingReferences(Unknown Source)
	at java.base@17.0.6/java.lang.ref.Reference$ReferenceHandler.run(Unknown Source)




"Finalizer" daemon prio=8 Id=3 on java.lang.ref.ReferenceQueue$Lock@1b70609
	at java.base@17.0.6/java.lang.Object.wait(Native Method)
	-  waiting on java.lang.ref.ReferenceQueue$Lock@1b70609
	at java.base@17.0.6/java.lang.ref.ReferenceQueue.remove(Unknown Source)
	at java.base@17.0.6/java.lang.ref.ReferenceQueue.remove(Unknown Source)
	at java.base@17.0.6/java.lang.ref.Finalizer$FinalizerThread.run(Unknown Source)




"Signal Dispatcher" daemon prio=9 Id=4




"Attach Listener" daemon prio=5 Id=5




"Notification Thread" daemon prio=9 Id=10




"Common-Cleaner" daemon prio=8 Id=11 on java.lang.ref.ReferenceQueue$Lock@16824a9
	at java.base@17.0.6/java.lang.Object.wait(Native Method)
	-  waiting on java.lang.ref.ReferenceQueue$Lock@16824a9
	at java.base@17.0.6/java.lang.ref.ReferenceQueue.remove(Unknown Source)
	at java.base@17.0.6/jdk.internal.ref.CleanerImpl.run(Unknown Source)
	at java.base@17.0.6/java.lang.Thread.run(Unknown Source)
	at java.base@17.0.6/jdk.internal.misc.InnocuousThread.run(Unknown Source)




"HttpClient-2-SelectorManager" daemon prio=5 Id=13 (in native)
	at java.base@17.0.6/sun.nio.ch.WEPoll.wait(Native Method)
	at java.base@17.0.6/sun.nio.ch.WEPollSelectorImpl.doSelect(Unknown Source)
	at java.base@17.0.6/sun.nio.ch.SelectorImpl.lockAndDoSelect(Unknown Source)
	-  locked sun.nio.ch.Util$2@1d9a18c
	-  locked sun.nio.ch.WEPollSelectorImpl@adfa88
	at java.base@17.0.6/sun.nio.ch.SelectorImpl.select(Unknown Source)
	at platform/java.net.http@17.0.6/jdk.internal.net.http.HttpClientImpl$SelectorManager.run(Unknown Source)




"JLine Input Daemon" daemon prio=5 Id=20 on java.lang.Object@c6dfd8
	at java.base@17.0.6/java.lang.Object.wait(Native Method)
	-  waiting on java.lang.Object@c6dfd8
	at java.base@17.0.6/java.lang.Object.wait(Unknown Source)
	at app//net.mamoe.mirai.console.terminal.JLineInputDaemon.run(JLineInputDaemon.kt:64)
	at java.base@17.0.6/java.lang.Thread.run(Unknown Source)




"kotlinx.coroutines.DefaultExecutor" daemon prio=5 Id=23 on kotlinx.coroutines.DefaultExecutor@f3cbcd
	at java.base@17.0.6/jdk.internal.misc.Unsafe.park(Native Method)
	-  waiting on kotlinx.coroutines.DefaultExecutor@f3cbcd
	at java.base@17.0.6/java.util.concurrent.locks.LockSupport.parkNanos(Unknown Source)
	at app//kotlinx.coroutines.DefaultExecutor.run(DefaultExecutor.kt:121)
	at java.base@17.0.6/java.lang.Thread.run(Unknown Source)




"Mirai Console Logging#0" daemon prio=5 Id=24 on java.util.concurrent.locks.AbstractQueuedSynchronizer$ConditionObject@dd7a8e
	at java.base@17.0.6/jdk.internal.misc.Unsafe.park(Native Method)
	-  waiting on java.util.concurrent.locks.AbstractQueuedSynchronizer$ConditionObject@dd7a8e
	at java.base@17.0.6/java.util.concurrent.locks.LockSupport.park(Unknown Source)
	at java.base@17.0.6/java.util.concurrent.locks.AbstractQueuedSynchronizer$ConditionNode.block(Unknown Source)
	at java.base@17.0.6/java.util.concurrent.ForkJoinPool.unmanagedBlock(Unknown Source)
	at java.base@17.0.6/java.util.concurrent.ForkJoinPool.managedBlock(Unknown Source)
	at java.base@17.0.6/java.util.concurrent.locks.AbstractQueuedSynchronizer$ConditionObject.await(Unknown Source)
	at java.base@17.0.6/java.util.concurrent.ScheduledThreadPoolExecutor$DelayedWorkQueue.take(Unknown Source)
	at java.base@17.0.6/java.util.concurrent.ScheduledThreadPoolExecutor$DelayedWorkQueue.take(Unknown Source)
	at java.base@17.0.6/java.util.concurrent.ThreadPoolExecutor.getTask(Unknown Source)
	at java.base@17.0.6/java.util.concurrent.ThreadPoolExecutor.runWorker(Unknown Source)
	at java.base@17.0.6/java.util.concurrent.ThreadPoolExecutor$Worker.run(Unknown Source)
	at java.base@17.0.6/java.lang.Thread.run(Unknown Source)




"Mirai Console Logging#1" daemon prio=5 Id=25 on java.util.concurrent.locks.AbstractQueuedSynchronizer$ConditionObject@dd7a8e
	at java.base@17.0.6/jdk.internal.misc.Unsafe.park(Native Method)
	-  waiting on java.util.concurrent.locks.AbstractQueuedSynchronizer$ConditionObject@dd7a8e
	at java.base@17.0.6/java.util.concurrent.locks.LockSupport.park(Unknown Source)
	at java.base@17.0.6/java.util.concurrent.locks.AbstractQueuedSynchronizer$ConditionNode.block(Unknown Source)
	at java.base@17.0.6/java.util.concurrent.ForkJoinPool.unmanagedBlock(Unknown Source)
	at java.base@17.0.6/java.util.concurrent.ForkJoinPool.managedBlock(Unknown Source)
	at java.base@17.0.6/java.util.concurrent.locks.AbstractQueuedSynchronizer$ConditionObject.await(Unknown Source)
	at java.base@17.0.6/java.util.concurrent.ScheduledThreadPoolExecutor$DelayedWorkQueue.take(Unknown Source)
	at java.base@17.0.6/java.util.concurrent.ScheduledThreadPoolExecutor$DelayedWorkQueue.take(Unknown Source)
	at java.base@17.0.6/java.util.concurrent.ThreadPoolExecutor.getTask(Unknown Source)
	at java.base@17.0.6/java.util.concurrent.ThreadPoolExecutor.runWorker(Unknown Source)
	at java.base@17.0.6/java.util.concurrent.ThreadPoolExecutor$Worker.run(Unknown Source)
	at java.base@17.0.6/java.lang.Thread.run(Unknown Source)




"Mirai Console Logging#2" daemon prio=5 Id=26 on java.util.concurrent.locks.AbstractQueuedSynchronizer$ConditionObject@dd7a8e
	at java.base@17.0.6/jdk.internal.misc.Unsafe.park(Native Method)
	-  waiting on java.util.concurrent.locks.AbstractQueuedSynchronizer$ConditionObject@dd7a8e
	at java.base@17.0.6/java.util.concurrent.locks.LockSupport.park(Unknown Source)
	at java.base@17.0.6/java.util.concurrent.locks.AbstractQueuedSynchronizer$ConditionNode.block(Unknown Source)
	at java.base@17.0.6/java.util.concurrent.ForkJoinPool.unmanagedBlock(Unknown Source)
	at java.base@17.0.6/java.util.concurrent.ForkJoinPool.managedBlock(Unknown Source)
	at java.base@17.0.6/java.util.concurrent.locks.AbstractQueuedSynchronizer$ConditionObject.await(Unknown Source)
	at java.base@17.0.6/java.util.concurrent.ScheduledThreadPoolExecutor$DelayedWorkQueue.take(Unknown Source)
	at java.base@17.0.6/java.util.concurrent.ScheduledThreadPoolExecutor$DelayedWorkQueue.take(Unknown Source)
	at java.base@17.0.6/java.util.concurrent.ThreadPoolExecutor.getTask(Unknown Source)
	at java.base@17.0.6/java.util.concurrent.ThreadPoolExecutor.runWorker(Unknown Source)
	at java.base@17.0.6/java.util.concurrent.ThreadPoolExecutor$Worker.run(Unknown Source)
	at java.base@17.0.6/java.lang.Thread.run(Unknown Source)




"DefaultDispatcher-worker-5" daemon prio=5 Id=29
	at java.base@17.0.6/jdk.internal.misc.Unsafe.park(Native Method)
	at java.base@17.0.6/java.util.concurrent.locks.LockSupport.parkNanos(Unknown Source)
	at app//kotlinx.coroutines.scheduling.CoroutineScheduler$Worker.park(CoroutineScheduler.kt:795)
	at app//kotlinx.coroutines.scheduling.CoroutineScheduler$Worker.tryPark(CoroutineScheduler.kt:740)
	at app//kotlinx.coroutines.scheduling.CoroutineScheduler$Worker.runWorker(CoroutineScheduler.kt:711)
	at app//kotlinx.coroutines.scheduling.CoroutineScheduler$Worker.run(CoroutineScheduler.kt:664)




"DefaultDispatcher-worker-8" daemon prio=5 Id=32
	at java.base@17.0.6/jdk.internal.misc.Unsafe.park(Native Method)
	at java.base@17.0.6/java.util.concurrent.locks.LockSupport.parkNanos(Unknown Source)
	at app//kotlinx.coroutines.scheduling.CoroutineScheduler$Worker.park(CoroutineScheduler.kt:795)
	at app//kotlinx.coroutines.scheduling.CoroutineScheduler$Worker.tryPark(CoroutineScheduler.kt:740)
	at app//kotlinx.coroutines.scheduling.CoroutineScheduler$Worker.runWorker(CoroutineScheduler.kt:711)
	at app//kotlinx.coroutines.scheduling.CoroutineScheduler$Worker.run(CoroutineScheduler.kt:664)




"DefaultDispatcher-worker-1" daemon prio=5 Id=33 (in native)
	at java.base@17.0.6/sun.nio.ch.WEPoll.wait(Native Method)
	at java.base@17.0.6/sun.nio.ch.WEPollSelectorImpl.doSelect(Unknown Source)
	at java.base@17.0.6/sun.nio.ch.SelectorImpl.lockAndDoSelect(Unknown Source)
	-  locked sun.nio.ch.Util$2@1efb227
	-  locked sun.nio.ch.WEPollSelectorImpl@1e3971d
	at java.base@17.0.6/sun.nio.ch.SelectorImpl.select(Unknown Source)
	at mirai-api-http-2.8.0.mirai2.jar[shared]//io.ktor.network.selector.ActorSelectorManager.select(ActorSelectorManager.kt:98)
	at mirai-api-http-2.8.0.mirai2.jar[shared]//io.ktor.network.selector.ActorSelectorManager.access$select(ActorSelectorManager.kt:18)
	at mirai-api-http-2.8.0.mirai2.jar[shared]//io.ktor.network.selector.ActorSelectorManager$select$1.invokeSuspend(ActorSelectorManager.kt)
	at app//kotlin.coroutines.jvm.internal.BaseContinuationImpl.resumeWith(ContinuationImpl.kt:33)
	at app//kotlinx.coroutines.DispatchedTask.run(DispatchedTask.kt:106)
	at app//kotlinx.coroutines.internal.LimitedDispatcher.run(LimitedDispatcher.kt:42)
	at app//kotlinx.coroutines.scheduling.TaskImpl.run(Tasks.kt:95)
	at app//kotlinx.coroutines.scheduling.CoroutineScheduler.runSafely(CoroutineScheduler.kt:570)
	at app//kotlinx.coroutines.scheduling.CoroutineScheduler$Worker.executeTask(CoroutineScheduler.kt:750)
	at app//kotlinx.coroutines.scheduling.CoroutineScheduler$Worker.runWorker(CoroutineScheduler.kt:677)
	at app//kotlinx.coroutines.scheduling.CoroutineScheduler$Worker.run(CoroutineScheduler.kt:664)




"DefaultDispatcher-worker-4" daemon prio=5 Id=35
	at java.base@17.0.6/jdk.internal.misc.Unsafe.park(Native Method)
	at java.base@17.0.6/java.util.concurrent.locks.LockSupport.parkNanos(Unknown Source)
	at app//kotlinx.coroutines.scheduling.CoroutineScheduler$Worker.park(CoroutineScheduler.kt:795)
	at app//kotlinx.coroutines.scheduling.CoroutineScheduler$Worker.tryPark(CoroutineScheduler.kt:740)
	at app//kotlinx.coroutines.scheduling.CoroutineScheduler$Worker.runWorker(CoroutineScheduler.kt:711)
	at app//kotlinx.coroutines.scheduling.CoroutineScheduler$Worker.run(CoroutineScheduler.kt:664)




"DefaultDispatcher-worker-7" daemon prio=5 Id=36
	at java.base@17.0.6/jdk.internal.misc.Unsafe.park(Native Method)
	at java.base@17.0.6/java.util.concurrent.locks.LockSupport.parkNanos(Unknown Source)
	at app//kotlinx.coroutines.scheduling.CoroutineScheduler$Worker.park(CoroutineScheduler.kt:795)
	at app//kotlinx.coroutines.scheduling.CoroutineScheduler$Worker.tryPark(CoroutineScheduler.kt:740)
	at app//kotlinx.coroutines.scheduling.CoroutineScheduler$Worker.runWorker(CoroutineScheduler.kt:711)
	at app//kotlinx.coroutines.scheduling.CoroutineScheduler$Worker.run(CoroutineScheduler.kt:664)




"OkHttp TaskRunner" daemon prio=5 Id=41 on net.mamoe.mirai.internal.deps.okhttp3.internal.concurrent.TaskRunner@1329d0f
	at java.base@17.0.6/java.lang.Object.wait(Native Method)
	-  waiting on net.mamoe.mirai.internal.deps.okhttp3.internal.concurrent.TaskRunner@1329d0f
	at java.base@17.0.6/java.lang.Object.wait(Unknown Source)
	at app//net.mamoe.mirai.internal.deps.okhttp3.internal.concurrent.TaskRunner$RealBackend.coordinatorWait(TaskRunner.kt:294)
	at app//net.mamoe.mirai.internal.deps.okhttp3.internal.concurrent.TaskRunner.awaitTaskToRun(TaskRunner.kt:218)
	at app//net.mamoe.mirai.internal.deps.okhttp3.internal.concurrent.TaskRunner$runnable$1.run(TaskRunner.kt:59)
	at java.base@17.0.6/java.util.concurrent.ThreadPoolExecutor.runWorker(Unknown Source)
	at java.base@17.0.6/java.util.concurrent.ThreadPoolExecutor$Worker.run(Unknown Source)
	at java.base@17.0.6/java.lang.Thread.run(Unknown Source)




"Okio Watchdog" daemon prio=5 Id=42 on java.lang.Class@17c4267
	at java.base@17.0.6/java.lang.Object.wait(Native Method)
	-  waiting on java.lang.Class@17c4267
	at java.base@17.0.6/java.lang.Object.wait(Unknown Source)
	at app//net.mamoe.mirai.internal.deps.okio.AsyncTimeout$Companion.awaitTimeout$okio(AsyncTimeout.kt:316)
	at app//net.mamoe.mirai.internal.deps.okio.AsyncTimeout$Watchdog.run(AsyncTimeout.kt:187)




"DefaultDispatcher-worker-6" daemon prio=5 Id=44
	at java.base@17.0.6/jdk.internal.misc.Unsafe.park(Native Method)
	at java.base@17.0.6/java.util.concurrent.locks.LockSupport.parkNanos(Unknown Source)
	at app//kotlinx.coroutines.scheduling.CoroutineScheduler$Worker.park(CoroutineScheduler.kt:795)
	at app//kotlinx.coroutines.scheduling.CoroutineScheduler$Worker.tryPark(CoroutineScheduler.kt:740)
	at app//kotlinx.coroutines.scheduling.CoroutineScheduler$Worker.runWorker(CoroutineScheduler.kt:711)
	at app//kotlinx.coroutines.scheduling.CoroutineScheduler$Worker.run(CoroutineScheduler.kt:664)




"DefaultDispatcher-worker-3" daemon prio=5 Id=46
	at java.base@17.0.6/jdk.internal.misc.Unsafe.park(Native Method)
	at java.base@17.0.6/java.util.concurrent.locks.LockSupport.parkNanos(Unknown Source)
	at app//kotlinx.coroutines.scheduling.CoroutineScheduler$Worker.park(CoroutineScheduler.kt:795)
	at app//kotlinx.coroutines.scheduling.CoroutineScheduler$Worker.tryPark(CoroutineScheduler.kt:740)
	at app//kotlinx.coroutines.scheduling.CoroutineScheduler$Worker.runWorker(CoroutineScheduler.kt:711)
	at app//kotlinx.coroutines.scheduling.CoroutineScheduler$Worker.run(CoroutineScheduler.kt:664)




"nioEventLoopGroup-3-1" prio=10 Id=63 (in native)
	at java.base@17.0.6/sun.nio.ch.WEPoll.wait(Native Method)
	at java.base@17.0.6/sun.nio.ch.WEPollSelectorImpl.doSelect(Unknown Source)
	at java.base@17.0.6/sun.nio.ch.SelectorImpl.lockAndDoSelect(Unknown Source)
	-  locked io.netty.channel.nio.SelectedSelectionKeySet@8c956d
	-  locked sun.nio.ch.WEPollSelectorImpl@987cd1
	at java.base@17.0.6/sun.nio.ch.SelectorImpl.select(Unknown Source)
	at app//io.netty.channel.nio.SelectedSelectionKeySetSelector.select(SelectedSelectionKeySetSelector.java:68)
	at app//io.netty.channel.nio.NioEventLoop.select(NioEventLoop.java:810)
	at app//io.netty.channel.nio.NioEventLoop.run(NioEventLoop.java:457)
	at app//io.netty.util.concurrent.SingleThreadEventExecutor$4.run(SingleThreadEventExecutor.java:989)
	at app//io.netty.util.internal.ThreadExecutorMap$2.run(ThreadExecutorMap.java:74)
	at app//io.netty.util.concurrent.FastThreadLocalRunnable.run(FastThreadLocalRunnable.java:30)
	at java.base@17.0.6/java.lang.Thread.run(Unknown Source)




"nioEventLoopGroup-3-2" prio=10 Id=64 (in native)
	at java.base@17.0.6/sun.nio.ch.WEPoll.wait(Native Method)
	at java.base@17.0.6/sun.nio.ch.WEPollSelectorImpl.doSelect(Unknown Source)
	at java.base@17.0.6/sun.nio.ch.SelectorImpl.lockAndDoSelect(Unknown Source)
	-  locked io.netty.channel.nio.SelectedSelectionKeySet@1fc48e0
	-  locked sun.nio.ch.WEPollSelectorImpl@ed60b5
	at java.base@17.0.6/sun.nio.ch.SelectorImpl.select(Unknown Source)
	at app//io.netty.channel.nio.SelectedSelectionKeySetSelector.select(SelectedSelectionKeySetSelector.java:68)
	at app//io.netty.channel.nio.NioEventLoop.select(NioEventLoop.java:810)
	at app//io.netty.channel.nio.NioEventLoop.run(NioEventLoop.java:457)
	at app//io.netty.util.concurrent.SingleThreadEventExecutor$4.run(SingleThreadEventExecutor.java:989)
	at app//io.netty.util.internal.ThreadExecutorMap$2.run(ThreadExecutorMap.java:74)
	at app//io.netty.util.concurrent.FastThreadLocalRunnable.run(FastThreadLocalRunnable.java:30)
	at java.base@17.0.6/java.lang.Thread.run(Unknown Source)




"nioEventLoopGroup-3-3" prio=10 Id=66 (in native)
	at java.base@17.0.6/sun.nio.ch.WEPoll.wait(Native Method)
	at java.base@17.0.6/sun.nio.ch.WEPollSelectorImpl.doSelect(Unknown Source)
	at java.base@17.0.6/sun.nio.ch.SelectorImpl.lockAndDoSelect(Unknown Source)
	-  locked io.netty.channel.nio.SelectedSelectionKeySet@46b4f8
	-  locked sun.nio.ch.WEPollSelectorImpl@1792195
	at java.base@17.0.6/sun.nio.ch.SelectorImpl.select(Unknown Source)
	at app//io.netty.channel.nio.SelectedSelectionKeySetSelector.select(SelectedSelectionKeySetSelector.java:68)
	at app//io.netty.channel.nio.NioEventLoop.select(NioEventLoop.java:810)
	at app//io.netty.channel.nio.NioEventLoop.run(NioEventLoop.java:457)
	at app//io.netty.util.concurrent.SingleThreadEventExecutor$4.run(SingleThreadEventExecutor.java:989)
	at app//io.netty.util.internal.ThreadExecutorMap$2.run(ThreadExecutorMap.java:74)
	at app//io.netty.util.concurrent.FastThreadLocalRunnable.run(FastThreadLocalRunnable.java:30)
	at java.base@17.0.6/java.lang.Thread.run(Unknown Source)




"Mirai Console Signal-Shutdown Daemon #0" daemon prio=5 Id=69 on java.util.concurrent.locks.AbstractQueuedSynchronizer$ConditionObject@9dc552
	at java.base@17.0.6/jdk.internal.misc.Unsafe.park(Native Method)
	-  waiting on java.util.concurrent.locks.AbstractQueuedSynchronizer$ConditionObject@9dc552
	at java.base@17.0.6/java.util.concurrent.locks.LockSupport.park(Unknown Source)
	at java.base@17.0.6/java.util.concurrent.locks.AbstractQueuedSynchronizer$ConditionNode.block(Unknown Source)
	at java.base@17.0.6/java.util.concurrent.ForkJoinPool.unmanagedBlock(Unknown Source)
	at java.base@17.0.6/java.util.concurrent.ForkJoinPool.managedBlock(Unknown Source)
	at java.base@17.0.6/java.util.concurrent.locks.AbstractQueuedSynchronizer$ConditionObject.await(Unknown Source)
	at java.base@17.0.6/java.util.concurrent.LinkedBlockingQueue.take(Unknown Source)
	at java.base@17.0.6/java.util.concurrent.ThreadPoolExecutor.getTask(Unknown Source)
	at java.base@17.0.6/java.util.concurrent.ThreadPoolExecutor.runWorker(Unknown Source)
	at java.base@17.0.6/java.util.concurrent.ThreadPoolExecutor$Worker.run(Unknown Source)
	at java.base@17.0.6/java.lang.Thread.run(Unknown Source)




"Mirai Console Signal-Shutdown Daemon #1" daemon prio=5 Id=70 on java.util.concurrent.locks.AbstractQueuedSynchronizer$ConditionObject@9dc552
	at java.base@17.0.6/jdk.internal.misc.Unsafe.park(Native Method)
	-  waiting on java.util.concurrent.locks.AbstractQueuedSynchronizer$ConditionObject@9dc552
	at java.base@17.0.6/java.util.concurrent.locks.LockSupport.park(Unknown Source)
	at java.base@17.0.6/java.util.concurrent.locks.AbstractQueuedSynchronizer$ConditionNode.block(Unknown Source)
	at java.base@17.0.6/java.util.concurrent.ForkJoinPool.unmanagedBlock(Unknown Source)
	at java.base@17.0.6/java.util.concurrent.ForkJoinPool.managedBlock(Unknown Source)
	at java.base@17.0.6/java.util.concurrent.locks.AbstractQueuedSynchronizer$ConditionObject.await(Unknown Source)
	at java.base@17.0.6/java.util.concurrent.LinkedBlockingQueue.take(Unknown Source)
	at java.base@17.0.6/java.util.concurrent.ThreadPoolExecutor.getTask(Unknown Source)
	at java.base@17.0.6/java.util.concurrent.ThreadPoolExecutor.runWorker(Unknown Source)
	at java.base@17.0.6/java.util.concurrent.ThreadPoolExecutor$Worker.run(Unknown Source)
	at java.base@17.0.6/java.lang.Thread.run(Unknown Source)




"nioEventLoopGroup-3-4" prio=10 Id=73 (in native)
	at java.base@17.0.6/sun.nio.ch.WEPoll.wait(Native Method)
	at java.base@17.0.6/sun.nio.ch.WEPollSelectorImpl.doSelect(Unknown Source)
	at java.base@17.0.6/sun.nio.ch.SelectorImpl.lockAndDoSelect(Unknown Source)
	-  locked io.netty.channel.nio.SelectedSelectionKeySet@46731d
	-  locked sun.nio.ch.WEPollSelectorImpl@4189c9
	at java.base@17.0.6/sun.nio.ch.SelectorImpl.select(Unknown Source)
	at app//io.netty.channel.nio.SelectedSelectionKeySetSelector.select(SelectedSelectionKeySetSelector.java:68)
	at app//io.netty.channel.nio.NioEventLoop.select(NioEventLoop.java:810)
	at app//io.netty.channel.nio.NioEventLoop.run(NioEventLoop.java:457)
	at app//io.netty.util.concurrent.SingleThreadEventExecutor$4.run(SingleThreadEventExecutor.java:989)
	at app//io.netty.util.internal.ThreadExecutorMap$2.run(ThreadExecutorMap.java:74)
	at app//io.netty.util.concurrent.FastThreadLocalRunnable.run(FastThreadLocalRunnable.java:30)
	at java.base@17.0.6/java.lang.Thread.run(Unknown Source)




"DefaultDispatcher-worker-9" daemon prio=5 Id=74
	at java.base@17.0.6/jdk.internal.misc.Unsafe.park(Native Method)
	at java.base@17.0.6/java.util.concurrent.locks.LockSupport.parkNanos(Unknown Source)
	at app//kotlinx.coroutines.scheduling.CoroutineScheduler$Worker.park(CoroutineScheduler.kt:795)
	at app//kotlinx.coroutines.scheduling.CoroutineScheduler$Worker.tryPark(CoroutineScheduler.kt:740)
	at app//kotlinx.coroutines.scheduling.CoroutineScheduler$Worker.runWorker(CoroutineScheduler.kt:711)
	at app//kotlinx.coroutines.scheduling.CoroutineScheduler$Worker.run(CoroutineScheduler.kt:664)




"Mirai Console Signal-Shutdown Daemon #2" daemon prio=5 Id=75 on kotlin.concurrent.ThreadsKt$thread$thread$1@14faf53
	at java.base@17.0.6/java.lang.Object.wait(Native Method)
	-  waiting on kotlin.concurrent.ThreadsKt$thread$thread$1@14faf53
	at java.base@17.0.6/java.lang.Thread.join(Unknown Source)
	at java.base@17.0.6/java.lang.Thread.join(Unknown Source)
	at java.base@17.0.6/java.lang.ApplicationShutdownHooks.runHooks(Unknown Source)
	at java.base@17.0.6/java.lang.ApplicationShutdownHooks$1.run(Unknown Source)
	at java.base@17.0.6/java.lang.Shutdown.runHooks(Unknown Source)
	at java.base@17.0.6/java.lang.Shutdown.exit(Unknown Source)
	-  locked java.lang.Class@82d64
	at java.base@17.0.6/java.lang.Runtime.exit(Unknown Source)
	at java.base@17.0.6/java.lang.System.exit(Unknown Source)
	at app//net.mamoe.mirai.console.terminal.MiraiConsoleTerminalLoaderKt.exitProcessAndForceHalt(MiraiConsoleTerminalLoader.kt:305)
	at app//net.mamoe.mirai.console.terminal.MiraiConsoleTerminalLoaderKt$initSignalHandler$1$7.invokeSuspend(MiraiConsoleTerminalLoader.kt:264)
	at app//kotlin.coroutines.jvm.internal.BaseContinuationImpl.resumeWith(ContinuationImpl.kt:33)
	at app//kotlinx.coroutines.DispatchedTask.run(DispatchedTask.kt:106)
	at java.base@17.0.6/java.util.concurrent.ThreadPoolExecutor.runWorker(Unknown Source)
	at java.base@17.0.6/java.util.concurrent.ThreadPoolExecutor$Worker.run(Unknown Source)
	at java.base@17.0.6/java.lang.Thread.run(Unknown Source)




"Mirai Console Force Halt Daemon" daemon prio=5 Id=76
	at java.management@17.0.6/sun.management.ThreadImpl.dumpThreads0(Native Method)
	at java.management@17.0.6/sun.management.ThreadImpl.dumpAllThreads(Unknown Source)
	at java.management@17.0.6/sun.management.ThreadImpl.dumpAllThreads(Unknown Source)
	at app//net.mamoe.mirai.console.internal.shutdown.ShutdownDaemon$dumpCrashReport$2.a(ShutdownDaemon.kt:189)
	at app//net.mamoe.mirai.console.internal.shutdown.ShutdownDaemon.dumpCrashReport(ShutdownDaemon.kt:235)
	at app//net.mamoe.mirai.console.terminal.MiraiConsoleTerminalLoaderKt.exitProcessAndForceHalt$lambda-7(MiraiConsoleTerminalLoader.kt:291)
	at app//net.mamoe.mirai.console.terminal.MiraiConsoleTerminalLoaderKt$$Lambda$537/0x1acde5e8.run(Unknown Source)
	at java.base@17.0.6/java.lang.Thread.run(Unknown Source)




"Mirai Console Shutdown Hook" prio=5 Id=16 on kotlinx.coroutines.BlockingCoroutine@fc6346
	at java.base@17.0.6/jdk.internal.misc.Unsafe.park(Native Method)
	-  waiting on kotlinx.coroutines.BlockingCoroutine@fc6346
	at java.base@17.0.6/java.util.concurrent.locks.LockSupport.parkNanos(Unknown Source)
	at app//kotlinx.coroutines.BlockingCoroutine.joinBlocking(Builders.kt:88)
	at app//kotlinx.coroutines.BuildersKt__BuildersKt.runBlocking(Builders.kt:59)
	at app//kotlinx.coroutines.BuildersKt.runBlocking(Unknown Source)
	at app//kotlinx.coroutines.BuildersKt__BuildersKt.runBlocking$default(Builders.kt:38)
	at app//kotlinx.coroutines.BuildersKt.runBlocking$default(Unknown Source)
	at app//net.mamoe.mirai.console.MiraiConsoleImplementation$Companion$1.invoke(MiraiConsoleImplementation.kt:452)
	at app//net.mamoe.mirai.console.MiraiConsoleImplementation$Companion$1.invoke(MiraiConsoleImplementation.kt:450)
	at app//kotlin.concurrent.ThreadsKt$thread$thread$1.run(Thread.kt:30)




